<?xml version="1.0" encoding="UTF-8"?>
<!-- Generated by org.testng.reporters.JUnitReportReporter -->
<testsuite hostname="WPUMT97903B" name="com.flipkart.Tests.VerifyValidLogin" tests="1" failures="0" timestamp="10 Jan 2018 11:52:43 GMT" time="23.337" errors="0">
  <testcase name="ValidateValidUser" time="23.337" classname="com.flipkart.Tests.VerifyValidLogin"/>
</testsuite> <!-- com.flipkart.Tests.VerifyValidLogin -->
